<?xml version="1.0" encoding="UTF-8"?>
<!-- Generated by org.testng.reporters.JUnitReportReporter -->
<testsuite hostname="Taruns-MacBook-Air.local" failures="0" tests="1" name="testCase.TC002_LoginTest" time="2.061" errors="0" timestamp="2025-09-03T13:07:32 PDT" skipped="0">
  <testcase classname="testCase.TC002_LoginTest" name="verify_login" time="2.061"/>
</testsuite> <!-- testCase.TC002_LoginTest -->
