<?xml version="1.0" encoding="UTF-8"?>
<!-- Generated by org.testng.reporters.JUnitReportReporter -->
<testsuite hostname="Taruns-MacBook-Air.local" failures="0" tests="1" name="testCase.TC001_AccountRegistrationTest" time="3.208" errors="0" timestamp="2025-09-03T13:07:32 PDT" skipped="0">
  <testcase classname="testCase.TC001_AccountRegistrationTest" name="verify_account_registration" time="3.208"/>
</testsuite> <!-- testCase.TC001_AccountRegistrationTest -->
